2023-12-29T12:27:22.495+05:30  INFO 14108 --- [restartedMain] c.r.p.PrecizeAssessment1Application      : Starting PrecizeAssessment1Application using Java 17.0.9 with PID 14108 (E:\Precize\PrecizeAssessment1\target\classes started by RIDDHIMAN in E:\Precize\PrecizeAssessment1)
2023-12-29T12:27:22.497+05:30  INFO 14108 --- [restartedMain] c.r.p.PrecizeAssessment1Application      : No active profile set, falling back to 1 default profile: "default"
2023-12-29T12:27:22.528+05:30  INFO 14108 --- [restartedMain] o.s.b.devtools.restart.ChangeableUrls    : The Class-Path manifest attribute in C:\Users\RIDDHIMAN\.m2\repository\com\oracle\database\jdbc\ojdbc11\23.3.0.23.09\ojdbc11-23.3.0.23.09.jar referenced one or more files that do not exist: file:/C:/Users/RIDDHIMAN/.m2/repository/com/oracle/database/jdbc/ojdbc11/23.3.0.23.09/oraclepki.jar
2023-12-29T12:27:22.530+05:30  INFO 14108 --- [restartedMain] .e.DevToolsPropertyDefaultsPostProcessor : Devtools property defaults active! Set 'spring.devtools.add-properties' to 'false' to disable
2023-12-29T12:27:22.530+05:30  INFO 14108 --- [restartedMain] .e.DevToolsPropertyDefaultsPostProcessor : For additional web related logging consider setting the 'logging.level.web' property to 'DEBUG'
2023-12-29T12:27:23.007+05:30  INFO 14108 --- [restartedMain] .s.d.r.c.RepositoryConfigurationDelegate : Bootstrapping Spring Data JPA repositories in DEFAULT mode.
2023-12-29T12:27:23.046+05:30  INFO 14108 --- [restartedMain] .s.d.r.c.RepositoryConfigurationDelegate : Finished Spring Data repository scanning in 33 ms. Found 1 JPA repository interface.
2023-12-29T12:27:23.429+05:30  INFO 14108 --- [restartedMain] o.s.b.w.embedded.tomcat.TomcatWebServer  : Tomcat initialized with port 8004 (http)
2023-12-29T12:27:23.436+05:30  INFO 14108 --- [restartedMain] o.apache.catalina.core.StandardService   : Starting service [Tomcat]
2023-12-29T12:27:23.437+05:30  INFO 14108 --- [restartedMain] o.apache.catalina.core.StandardEngine    : Starting Servlet engine: [Apache Tomcat/10.1.17]
2023-12-29T12:27:23.473+05:30  INFO 14108 --- [restartedMain] o.a.c.c.C.[Tomcat].[localhost].[/]       : Initializing Spring embedded WebApplicationContext
2023-12-29T12:27:23.473+05:30  INFO 14108 --- [restartedMain] w.s.c.ServletWebServerApplicationContext : Root WebApplicationContext: initialization completed in 943 ms
2023-12-29T12:27:23.617+05:30  INFO 14108 --- [restartedMain] o.hibernate.jpa.internal.util.LogHelper  : HHH000204: Processing PersistenceUnitInfo [name: default]
2023-12-29T12:27:23.675+05:30  INFO 14108 --- [restartedMain] org.hibernate.Version                    : HHH000412: Hibernate ORM core version 6.4.1.Final
2023-12-29T12:27:23.711+05:30  INFO 14108 --- [restartedMain] o.h.c.internal.RegionFactoryInitiator    : HHH000026: Second-level cache disabled
2023-12-29T12:27:23.942+05:30  INFO 14108 --- [restartedMain] o.s.o.j.p.SpringPersistenceUnitInfo      : No LoadTimeWeaver setup: ignoring JPA class transformer
2023-12-29T12:27:23.976+05:30  INFO 14108 --- [restartedMain] com.zaxxer.hikari.HikariDataSource       : HikariPool-1 - Starting...
2023-12-29T12:27:23.980+05:30  WARN 14108 --- [restartedMain] c.zaxxer.hikari.util.DriverDataSource    : Registered driver with driverClassName=oracle.jdbc.driver.OracleDriver was not found, trying direct instantiation.
2023-12-29T12:27:24.467+05:30  INFO 14108 --- [restartedMain] com.zaxxer.hikari.pool.HikariPool        : HikariPool-1 - Added connection oracle.jdbc.driver.T4CConnection@55122454
2023-12-29T12:27:24.468+05:30  INFO 14108 --- [restartedMain] com.zaxxer.hikari.HikariDataSource       : HikariPool-1 - Start completed.
2023-12-29T12:27:24.576+05:30  WARN 14108 --- [restartedMain] org.hibernate.dialect.Dialect            : HHH000511: The 11.2.0 version for [org.hibernate.dialect.OracleDialect] is no longer supported, hence certain features may not work properly. The minimum supported version is 19.0.0. Check the community dialects project for available legacy versions.
2023-12-29T12:27:25.015+05:30  INFO 14108 --- [restartedMain] o.h.e.t.j.p.i.JtaPlatformInitiator       : HHH000489: No JTA platform available (set 'hibernate.transaction.jta.platform' to enable JTA platform integration)
2023-12-29T12:27:25.020+05:30  INFO 14108 --- [restartedMain] j.LocalContainerEntityManagerFactoryBean : Initialized JPA EntityManagerFactory for persistence unit 'default'
2023-12-29T12:27:25.145+05:30  WARN 14108 --- [restartedMain] ConfigServletWebServerApplicationContext : Exception encountered during context initialization - cancelling refresh attempt: org.springframework.beans.factory.UnsatisfiedDependencyException: Error creating bean with name 'studentController': Unsatisfied dependency expressed through field 'studentimpl': Error creating bean with name 'studentServiceImpl': Unsatisfied dependency expressed through field 'studentdao': Error creating bean with name 'studentRepository' defined in com.rg.precizeassessment.Repository.StudentRepository defined in @EnableJpaRepositories declared on JpaRepositoriesRegistrar.EnableJpaRepositoriesConfiguration: Not a managed type: class com.rg.precizeassessment.entities.Student
2023-12-29T12:27:25.145+05:30  INFO 14108 --- [restartedMain] j.LocalContainerEntityManagerFactoryBean : Closing JPA EntityManagerFactory for persistence unit 'default'
2023-12-29T12:27:25.148+05:30  INFO 14108 --- [restartedMain] com.zaxxer.hikari.HikariDataSource       : HikariPool-1 - Shutdown initiated...
2023-12-29T12:27:25.211+05:30  INFO 14108 --- [restartedMain] com.zaxxer.hikari.HikariDataSource       : HikariPool-1 - Shutdown completed.
2023-12-29T12:27:25.212+05:30  INFO 14108 --- [restartedMain] o.apache.catalina.core.StandardService   : Stopping service [Tomcat]
2023-12-29T12:27:25.221+05:30  INFO 14108 --- [restartedMain] .s.b.a.l.ConditionEvaluationReportLogger : 

Error starting ApplicationContext. To display the condition evaluation report re-run your application with 'debug' enabled.
2023-12-29T12:27:25.234+05:30 ERROR 14108 --- [restartedMain] o.s.boot.SpringApplication               : Application run failed

org.springframework.beans.factory.UnsatisfiedDependencyException: Error creating bean with name 'studentController': Unsatisfied dependency expressed through field 'studentimpl': Error creating bean with name 'studentServiceImpl': Unsatisfied dependency expressed through field 'studentdao': Error creating bean with name 'studentRepository' defined in com.rg.precizeassessment.Repository.StudentRepository defined in @EnableJpaRepositories declared on JpaRepositoriesRegistrar.EnableJpaRepositoriesConfiguration: Not a managed type: class com.rg.precizeassessment.entities.Student
	at org.springframework.beans.factory.annotation.AutowiredAnnotationBeanPostProcessor$AutowiredFieldElement.resolveFieldValue(AutowiredAnnotationBeanPostProcessor.java:787) ~[spring-beans-6.1.2.jar:6.1.2]
	at org.springframework.beans.factory.annotation.AutowiredAnnotationBeanPostProcessor$AutowiredFieldElement.inject(AutowiredAnnotationBeanPostProcessor.java:767) ~[spring-beans-6.1.2.jar:6.1.2]
	at org.springframework.beans.factory.annotation.InjectionMetadata.inject(InjectionMetadata.java:145) ~[spring-beans-6.1.2.jar:6.1.2]
	at org.springframework.beans.factory.annotation.AutowiredAnnotationBeanPostProcessor.postProcessProperties(AutowiredAnnotationBeanPostProcessor.java:508) ~[spring-beans-6.1.2.jar:6.1.2]
	at org.springframework.beans.factory.support.AbstractAutowireCapableBeanFactory.populateBean(AbstractAutowireCapableBeanFactory.java:1418) ~[spring-beans-6.1.2.jar:6.1.2]
	at org.springframework.beans.factory.support.AbstractAutowireCapableBeanFactory.doCreateBean(AbstractAutowireCapableBeanFactory.java:598) ~[spring-beans-6.1.2.jar:6.1.2]
	at org.springframework.beans.factory.support.AbstractAutowireCapableBeanFactory.createBean(AbstractAutowireCapableBeanFactory.java:521) ~[spring-beans-6.1.2.jar:6.1.2]
	at org.springframework.beans.factory.support.AbstractBeanFactory.lambda$doGetBean$0(AbstractBeanFactory.java:325) ~[spring-beans-6.1.2.jar:6.1.2]
	at org.springframework.beans.factory.support.DefaultSingletonBeanRegistry.getSingleton(DefaultSingletonBeanRegistry.java:234) ~[spring-beans-6.1.2.jar:6.1.2]
	at org.springframework.beans.factory.support.AbstractBeanFactory.doGetBean(AbstractBeanFactory.java:323) ~[spring-beans-6.1.2.jar:6.1.2]
	at org.springframework.beans.factory.support.AbstractBeanFactory.getBean(AbstractBeanFactory.java:199) ~[spring-beans-6.1.2.jar:6.1.2]
	at org.springframework.beans.factory.support.DefaultListableBeanFactory.preInstantiateSingletons(DefaultListableBeanFactory.java:975) ~[spring-beans-6.1.2.jar:6.1.2]
	at org.springframework.context.support.AbstractApplicationContext.finishBeanFactoryInitialization(AbstractApplicationContext.java:960) ~[spring-context-6.1.2.jar:6.1.2]
	at org.springframework.context.support.AbstractApplicationContext.refresh(AbstractApplicationContext.java:625) ~[spring-context-6.1.2.jar:6.1.2]
	at org.springframework.boot.web.servlet.context.ServletWebServerApplicationContext.refresh(ServletWebServerApplicationContext.java:146) ~[spring-boot-3.2.1.jar:3.2.1]
	at org.springframework.boot.SpringApplication.refresh(SpringApplication.java:762) ~[spring-boot-3.2.1.jar:3.2.1]
	at org.springframework.boot.SpringApplication.refreshContext(SpringApplication.java:464) ~[spring-boot-3.2.1.jar:3.2.1]
	at org.springframework.boot.SpringApplication.run(SpringApplication.java:334) ~[spring-boot-3.2.1.jar:3.2.1]
	at org.springframework.boot.SpringApplication.run(SpringApplication.java:1358) ~[spring-boot-3.2.1.jar:3.2.1]
	at org.springframework.boot.SpringApplication.run(SpringApplication.java:1347) ~[spring-boot-3.2.1.jar:3.2.1]
	at com.rg.precizeassessment.PrecizeAssessment1Application.main(PrecizeAssessment1Application.java:10) ~[classes/:na]
	at java.base/jdk.internal.reflect.NativeMethodAccessorImpl.invoke0(Native Method) ~[na:na]
	at java.base/jdk.internal.reflect.NativeMethodAccessorImpl.invoke(NativeMethodAccessorImpl.java:77) ~[na:na]
	at java.base/jdk.internal.reflect.DelegatingMethodAccessorImpl.invoke(DelegatingMethodAccessorImpl.java:43) ~[na:na]
	at java.base/java.lang.reflect.Method.invoke(Method.java:568) ~[na:na]
	at org.springframework.boot.devtools.restart.RestartLauncher.run(RestartLauncher.java:50) ~[spring-boot-devtools-3.2.1.jar:3.2.1]
Caused by: org.springframework.beans.factory.UnsatisfiedDependencyException: Error creating bean with name 'studentServiceImpl': Unsatisfied dependency expressed through field 'studentdao': Error creating bean with name 'studentRepository' defined in com.rg.precizeassessment.Repository.StudentRepository defined in @EnableJpaRepositories declared on JpaRepositoriesRegistrar.EnableJpaRepositoriesConfiguration: Not a managed type: class com.rg.precizeassessment.entities.Student
	at org.springframework.beans.factory.annotation.AutowiredAnnotationBeanPostProcessor$AutowiredFieldElement.resolveFieldValue(AutowiredAnnotationBeanPostProcessor.java:787) ~[spring-beans-6.1.2.jar:6.1.2]
	at org.springframework.beans.factory.annotation.AutowiredAnnotationBeanPostProcessor$AutowiredFieldElement.inject(AutowiredAnnotationBeanPostProcessor.java:767) ~[spring-beans-6.1.2.jar:6.1.2]
	at org.springframework.beans.factory.annotation.InjectionMetadata.inject(InjectionMetadata.java:145) ~[spring-beans-6.1.2.jar:6.1.2]
	at org.springframework.beans.factory.annotation.AutowiredAnnotationBeanPostProcessor.postProcessProperties(AutowiredAnnotationBeanPostProcessor.java:508) ~[spring-beans-6.1.2.jar:6.1.2]
	at org.springframework.beans.factory.support.AbstractAutowireCapableBeanFactory.populateBean(AbstractAutowireCapableBeanFactory.java:1418) ~[spring-beans-6.1.2.jar:6.1.2]
	at org.springframework.beans.factory.support.AbstractAutowireCapableBeanFactory.doCreateBean(AbstractAutowireCapableBeanFactory.java:598) ~[spring-beans-6.1.2.jar:6.1.2]
	at org.springframework.beans.factory.support.AbstractAutowireCapableBeanFactory.createBean(AbstractAutowireCapableBeanFactory.java:521) ~[spring-beans-6.1.2.jar:6.1.2]
	at org.springframework.beans.factory.support.AbstractBeanFactory.lambda$doGetBean$0(AbstractBeanFactory.java:325) ~[spring-beans-6.1.2.jar:6.1.2]
	at org.springframework.beans.factory.support.DefaultSingletonBeanRegistry.getSingleton(DefaultSingletonBeanRegistry.java:234) ~[spring-beans-6.1.2.jar:6.1.2]
	at org.springframework.beans.factory.support.AbstractBeanFactory.doGetBean(AbstractBeanFactory.java:323) ~[spring-beans-6.1.2.jar:6.1.2]
	at org.springframework.beans.factory.support.AbstractBeanFactory.getBean(AbstractBeanFactory.java:199) ~[spring-beans-6.1.2.jar:6.1.2]
	at org.springframework.beans.factory.config.DependencyDescriptor.resolveCandidate(DependencyDescriptor.java:254) ~[spring-beans-6.1.2.jar:6.1.2]
	at org.springframework.beans.factory.support.DefaultListableBeanFactory.doResolveDependency(DefaultListableBeanFactory.java:1443) ~[spring-beans-6.1.2.jar:6.1.2]
	at org.springframework.beans.factory.support.DefaultListableBeanFactory.resolveDependency(DefaultListableBeanFactory.java:1353) ~[spring-beans-6.1.2.jar:6.1.2]
	at org.springframework.beans.factory.annotation.AutowiredAnnotationBeanPostProcessor$AutowiredFieldElement.resolveFieldValue(AutowiredAnnotationBeanPostProcessor.java:784) ~[spring-beans-6.1.2.jar:6.1.2]
	... 25 common frames omitted
Caused by: org.springframework.beans.factory.BeanCreationException: Error creating bean with name 'studentRepository' defined in com.rg.precizeassessment.Repository.StudentRepository defined in @EnableJpaRepositories declared on JpaRepositoriesRegistrar.EnableJpaRepositoriesConfiguration: Not a managed type: class com.rg.precizeassessment.entities.Student
	at org.springframework.beans.factory.support.AbstractAutowireCapableBeanFactory.initializeBean(AbstractAutowireCapableBeanFactory.java:1773) ~[spring-beans-6.1.2.jar:6.1.2]
	at org.springframework.beans.factory.support.AbstractAutowireCapableBeanFactory.doCreateBean(AbstractAutowireCapableBeanFactory.java:599) ~[spring-beans-6.1.2.jar:6.1.2]
	at org.springframework.beans.factory.support.AbstractAutowireCapableBeanFactory.createBean(AbstractAutowireCapableBeanFactory.java:521) ~[spring-beans-6.1.2.jar:6.1.2]
	at org.springframework.beans.factory.support.AbstractBeanFactory.lambda$doGetBean$0(AbstractBeanFactory.java:325) ~[spring-beans-6.1.2.jar:6.1.2]
	at org.springframework.beans.factory.support.DefaultSingletonBeanRegistry.getSingleton(DefaultSingletonBeanRegistry.java:234) ~[spring-beans-6.1.2.jar:6.1.2]
	at org.springframework.beans.factory.support.AbstractBeanFactory.doGetBean(AbstractBeanFactory.java:323) ~[spring-beans-6.1.2.jar:6.1.2]
	at org.springframework.beans.factory.support.AbstractBeanFactory.getBean(AbstractBeanFactory.java:199) ~[spring-beans-6.1.2.jar:6.1.2]
	at org.springframework.beans.factory.config.DependencyDescriptor.resolveCandidate(DependencyDescriptor.java:254) ~[spring-beans-6.1.2.jar:6.1.2]
	at org.springframework.beans.factory.support.DefaultListableBeanFactory.doResolveDependency(DefaultListableBeanFactory.java:1443) ~[spring-beans-6.1.2.jar:6.1.2]
	at org.springframework.beans.factory.support.DefaultListableBeanFactory.resolveDependency(DefaultListableBeanFactory.java:1353) ~[spring-beans-6.1.2.jar:6.1.2]
	at org.springframework.beans.factory.annotation.AutowiredAnnotationBeanPostProcessor$AutowiredFieldElement.resolveFieldValue(AutowiredAnnotationBeanPostProcessor.java:784) ~[spring-beans-6.1.2.jar:6.1.2]
	... 39 common frames omitted
Caused by: java.lang.IllegalArgumentException: Not a managed type: class com.rg.precizeassessment.entities.Student
	at org.hibernate.metamodel.model.domain.internal.JpaMetamodelImpl.managedType(JpaMetamodelImpl.java:193) ~[hibernate-core-6.4.1.Final.jar:6.4.1.Final]
	at org.hibernate.metamodel.model.domain.internal.MappingMetamodelImpl.managedType(MappingMetamodelImpl.java:468) ~[hibernate-core-6.4.1.Final.jar:6.4.1.Final]
	at org.hibernate.metamodel.model.domain.internal.MappingMetamodelImpl.managedType(MappingMetamodelImpl.java:98) ~[hibernate-core-6.4.1.Final.jar:6.4.1.Final]
	at org.springframework.data.jpa.repository.support.JpaMetamodelEntityInformation.<init>(JpaMetamodelEntityInformation.java:82) ~[spring-data-jpa-3.2.1.jar:3.2.1]
	at org.springframework.data.jpa.repository.support.JpaEntityInformationSupport.getEntityInformation(JpaEntityInformationSupport.java:69) ~[spring-data-jpa-3.2.1.jar:3.2.1]
	at org.springframework.data.jpa.repository.support.JpaRepositoryFactory.getEntityInformation(JpaRepositoryFactory.java:246) ~[spring-data-jpa-3.2.1.jar:3.2.1]
	at org.springframework.data.jpa.repository.support.JpaRepositoryFactory.getTargetRepository(JpaRepositoryFactory.java:211) ~[spring-data-jpa-3.2.1.jar:3.2.1]
	at org.springframework.data.jpa.repository.support.JpaRepositoryFactory.getTargetRepository(JpaRepositoryFactory.java:194) ~[spring-data-jpa-3.2.1.jar:3.2.1]
	at org.springframework.data.jpa.repository.support.JpaRepositoryFactory.getTargetRepository(JpaRepositoryFactory.java:81) ~[spring-data-jpa-3.2.1.jar:3.2.1]
	at org.springframework.data.repository.core.support.RepositoryFactorySupport.getRepository(RepositoryFactorySupport.java:317) ~[spring-data-commons-3.2.1.jar:3.2.1]
	at org.springframework.data.repository.core.support.RepositoryFactoryBeanSupport.lambda$afterPropertiesSet$5(RepositoryFactoryBeanSupport.java:279) ~[spring-data-commons-3.2.1.jar:3.2.1]
	at org.springframework.data.util.Lazy.getNullable(Lazy.java:135) ~[spring-data-commons-3.2.1.jar:3.2.1]
	at org.springframework.data.util.Lazy.get(Lazy.java:113) ~[spring-data-commons-3.2.1.jar:3.2.1]
	at org.springframework.data.repository.core.support.RepositoryFactoryBeanSupport.afterPropertiesSet(RepositoryFactoryBeanSupport.java:285) ~[spring-data-commons-3.2.1.jar:3.2.1]
	at org.springframework.data.jpa.repository.support.JpaRepositoryFactoryBean.afterPropertiesSet(JpaRepositoryFactoryBean.java:132) ~[spring-data-jpa-3.2.1.jar:3.2.1]
	at org.springframework.beans.factory.support.AbstractAutowireCapableBeanFactory.invokeInitMethods(AbstractAutowireCapableBeanFactory.java:1820) ~[spring-beans-6.1.2.jar:6.1.2]
	at org.springframework.beans.factory.support.AbstractAutowireCapableBeanFactory.initializeBean(AbstractAutowireCapableBeanFactory.java:1769) ~[spring-beans-6.1.2.jar:6.1.2]
	... 49 common frames omitted

2023-12-29T12:31:00.234+05:30  INFO 5844 --- [restartedMain] c.r.p.PrecizeAssessment1Application      : Starting PrecizeAssessment1Application using Java 17.0.9 with PID 5844 (E:\Precize\PrecizeAssessment1\target\classes started by RIDDHIMAN in E:\Precize\PrecizeAssessment1)
2023-12-29T12:31:00.235+05:30  INFO 5844 --- [restartedMain] c.r.p.PrecizeAssessment1Application      : No active profile set, falling back to 1 default profile: "default"
2023-12-29T12:31:00.269+05:30  INFO 5844 --- [restartedMain] o.s.b.devtools.restart.ChangeableUrls    : The Class-Path manifest attribute in C:\Users\RIDDHIMAN\.m2\repository\com\oracle\database\jdbc\ojdbc11\23.3.0.23.09\ojdbc11-23.3.0.23.09.jar referenced one or more files that do not exist: file:/C:/Users/RIDDHIMAN/.m2/repository/com/oracle/database/jdbc/ojdbc11/23.3.0.23.09/oraclepki.jar
2023-12-29T12:31:00.269+05:30  INFO 5844 --- [restartedMain] .e.DevToolsPropertyDefaultsPostProcessor : Devtools property defaults active! Set 'spring.devtools.add-properties' to 'false' to disable
2023-12-29T12:31:00.269+05:30  INFO 5844 --- [restartedMain] .e.DevToolsPropertyDefaultsPostProcessor : For additional web related logging consider setting the 'logging.level.web' property to 'DEBUG'
2023-12-29T12:31:00.707+05:30  INFO 5844 --- [restartedMain] .s.d.r.c.RepositoryConfigurationDelegate : Bootstrapping Spring Data JPA repositories in DEFAULT mode.
2023-12-29T12:31:00.745+05:30  INFO 5844 --- [restartedMain] .s.d.r.c.RepositoryConfigurationDelegate : Finished Spring Data repository scanning in 33 ms. Found 1 JPA repository interface.
2023-12-29T12:31:01.125+05:30  INFO 5844 --- [restartedMain] o.s.b.w.embedded.tomcat.TomcatWebServer  : Tomcat initialized with port 8004 (http)
2023-12-29T12:31:01.133+05:30  INFO 5844 --- [restartedMain] o.apache.catalina.core.StandardService   : Starting service [Tomcat]
2023-12-29T12:31:01.133+05:30  INFO 5844 --- [restartedMain] o.apache.catalina.core.StandardEngine    : Starting Servlet engine: [Apache Tomcat/10.1.17]
2023-12-29T12:31:01.169+05:30  INFO 5844 --- [restartedMain] o.a.c.c.C.[Tomcat].[localhost].[/]       : Initializing Spring embedded WebApplicationContext
2023-12-29T12:31:01.169+05:30  INFO 5844 --- [restartedMain] w.s.c.ServletWebServerApplicationContext : Root WebApplicationContext: initialization completed in 900 ms
2023-12-29T12:31:01.296+05:30  INFO 5844 --- [restartedMain] o.hibernate.jpa.internal.util.LogHelper  : HHH000204: Processing PersistenceUnitInfo [name: default]
2023-12-29T12:31:01.331+05:30  INFO 5844 --- [restartedMain] org.hibernate.Version                    : HHH000412: Hibernate ORM core version 6.4.1.Final
2023-12-29T12:31:01.354+05:30  INFO 5844 --- [restartedMain] o.h.c.internal.RegionFactoryInitiator    : HHH000026: Second-level cache disabled
2023-12-29T12:31:01.505+05:30  INFO 5844 --- [restartedMain] o.s.o.j.p.SpringPersistenceUnitInfo      : No LoadTimeWeaver setup: ignoring JPA class transformer
2023-12-29T12:31:01.528+05:30  INFO 5844 --- [restartedMain] com.zaxxer.hikari.HikariDataSource       : HikariPool-1 - Starting...
2023-12-29T12:31:01.531+05:30  WARN 5844 --- [restartedMain] c.zaxxer.hikari.util.DriverDataSource    : Registered driver with driverClassName=oracle.jdbc.driver.OracleDriver was not found, trying direct instantiation.
2023-12-29T12:31:01.753+05:30  INFO 5844 --- [restartedMain] com.zaxxer.hikari.pool.HikariPool        : HikariPool-1 - Added connection oracle.jdbc.driver.T4CConnection@5897e525
2023-12-29T12:31:01.754+05:30  INFO 5844 --- [restartedMain] com.zaxxer.hikari.HikariDataSource       : HikariPool-1 - Start completed.
2023-12-29T12:31:01.824+05:30  WARN 5844 --- [restartedMain] org.hibernate.dialect.Dialect            : HHH000511: The 11.2.0 version for [org.hibernate.dialect.OracleDialect] is no longer supported, hence certain features may not work properly. The minimum supported version is 19.0.0. Check the community dialects project for available legacy versions.
2023-12-29T12:31:02.137+05:30  INFO 5844 --- [restartedMain] o.h.e.t.j.p.i.JtaPlatformInitiator       : HHH000489: No JTA platform available (set 'hibernate.transaction.jta.platform' to enable JTA platform integration)
2023-12-29T12:31:02.141+05:30  INFO 5844 --- [restartedMain] j.LocalContainerEntityManagerFactoryBean : Initialized JPA EntityManagerFactory for persistence unit 'default'
2023-12-29T12:31:02.241+05:30  WARN 5844 --- [restartedMain] ConfigServletWebServerApplicationContext : Exception encountered during context initialization - cancelling refresh attempt: org.springframework.beans.factory.UnsatisfiedDependencyException: Error creating bean with name 'studentController': Unsatisfied dependency expressed through field 'studentimpl': Error creating bean with name 'studentServiceImpl': Unsatisfied dependency expressed through field 'studentdao': Error creating bean with name 'studentRepository' defined in com.rg.precizeassessment.Repository.StudentRepository defined in @EnableJpaRepositories declared on JpaRepositoriesRegistrar.EnableJpaRepositoriesConfiguration: Not a managed type: class com.rg.precizeassessment.entities.Student
2023-12-29T12:31:02.242+05:30  INFO 5844 --- [restartedMain] j.LocalContainerEntityManagerFactoryBean : Closing JPA EntityManagerFactory for persistence unit 'default'
2023-12-29T12:31:02.244+05:30  INFO 5844 --- [restartedMain] com.zaxxer.hikari.HikariDataSource       : HikariPool-1 - Shutdown initiated...
2023-12-29T12:31:02.248+05:30  INFO 5844 --- [restartedMain] com.zaxxer.hikari.HikariDataSource       : HikariPool-1 - Shutdown completed.
2023-12-29T12:31:02.249+05:30  INFO 5844 --- [restartedMain] o.apache.catalina.core.StandardService   : Stopping service [Tomcat]
2023-12-29T12:31:02.258+05:30  INFO 5844 --- [restartedMain] .s.b.a.l.ConditionEvaluationReportLogger : 

Error starting ApplicationContext. To display the condition evaluation report re-run your application with 'debug' enabled.
2023-12-29T12:31:02.272+05:30 ERROR 5844 --- [restartedMain] o.s.boot.SpringApplication               : Application run failed

org.springframework.beans.factory.UnsatisfiedDependencyException: Error creating bean with name 'studentController': Unsatisfied dependency expressed through field 'studentimpl': Error creating bean with name 'studentServiceImpl': Unsatisfied dependency expressed through field 'studentdao': Error creating bean with name 'studentRepository' defined in com.rg.precizeassessment.Repository.StudentRepository defined in @EnableJpaRepositories declared on JpaRepositoriesRegistrar.EnableJpaRepositoriesConfiguration: Not a managed type: class com.rg.precizeassessment.entities.Student
	at org.springframework.beans.factory.annotation.AutowiredAnnotationBeanPostProcessor$AutowiredFieldElement.resolveFieldValue(AutowiredAnnotationBeanPostProcessor.java:787) ~[spring-beans-6.1.2.jar:6.1.2]
	at org.springframework.beans.factory.annotation.AutowiredAnnotationBeanPostProcessor$AutowiredFieldElement.inject(AutowiredAnnotationBeanPostProcessor.java:767) ~[spring-beans-6.1.2.jar:6.1.2]
	at org.springframework.beans.factory.annotation.InjectionMetadata.inject(InjectionMetadata.java:145) ~[spring-beans-6.1.2.jar:6.1.2]
	at org.springframework.beans.factory.annotation.AutowiredAnnotationBeanPostProcessor.postProcessProperties(AutowiredAnnotationBeanPostProcessor.java:508) ~[spring-beans-6.1.2.jar:6.1.2]
	at org.springframework.beans.factory.support.AbstractAutowireCapableBeanFactory.populateBean(AbstractAutowireCapableBeanFactory.java:1418) ~[spring-beans-6.1.2.jar:6.1.2]
	at org.springframework.beans.factory.support.AbstractAutowireCapableBeanFactory.doCreateBean(AbstractAutowireCapableBeanFactory.java:598) ~[spring-beans-6.1.2.jar:6.1.2]
	at org.springframework.beans.factory.support.AbstractAutowireCapableBeanFactory.createBean(AbstractAutowireCapableBeanFactory.java:521) ~[spring-beans-6.1.2.jar:6.1.2]
	at org.springframework.beans.factory.support.AbstractBeanFactory.lambda$doGetBean$0(AbstractBeanFactory.java:325) ~[spring-beans-6.1.2.jar:6.1.2]
	at org.springframework.beans.factory.support.DefaultSingletonBeanRegistry.getSingleton(DefaultSingletonBeanRegistry.java:234) ~[spring-beans-6.1.2.jar:6.1.2]
	at org.springframework.beans.factory.support.AbstractBeanFactory.doGetBean(AbstractBeanFactory.java:323) ~[spring-beans-6.1.2.jar:6.1.2]
	at org.springframework.beans.factory.support.AbstractBeanFactory.getBean(AbstractBeanFactory.java:199) ~[spring-beans-6.1.2.jar:6.1.2]
	at org.springframework.beans.factory.support.DefaultListableBeanFactory.preInstantiateSingletons(DefaultListableBeanFactory.java:975) ~[spring-beans-6.1.2.jar:6.1.2]
	at org.springframework.context.support.AbstractApplicationContext.finishBeanFactoryInitialization(AbstractApplicationContext.java:960) ~[spring-context-6.1.2.jar:6.1.2]
	at org.springframework.context.support.AbstractApplicationContext.refresh(AbstractApplicationContext.java:625) ~[spring-context-6.1.2.jar:6.1.2]
	at org.springframework.boot.web.servlet.context.ServletWebServerApplicationContext.refresh(ServletWebServerApplicationContext.java:146) ~[spring-boot-3.2.1.jar:3.2.1]
	at org.springframework.boot.SpringApplication.refresh(SpringApplication.java:762) ~[spring-boot-3.2.1.jar:3.2.1]
	at org.springframework.boot.SpringApplication.refreshContext(SpringApplication.java:464) ~[spring-boot-3.2.1.jar:3.2.1]
	at org.springframework.boot.SpringApplication.run(SpringApplication.java:334) ~[spring-boot-3.2.1.jar:3.2.1]
	at org.springframework.boot.SpringApplication.run(SpringApplication.java:1358) ~[spring-boot-3.2.1.jar:3.2.1]
	at org.springframework.boot.SpringApplication.run(SpringApplication.java:1347) ~[spring-boot-3.2.1.jar:3.2.1]
	at com.rg.precizeassessment.PrecizeAssessment1Application.main(PrecizeAssessment1Application.java:14) ~[classes/:na]
	at java.base/jdk.internal.reflect.NativeMethodAccessorImpl.invoke0(Native Method) ~[na:na]
	at java.base/jdk.internal.reflect.NativeMethodAccessorImpl.invoke(NativeMethodAccessorImpl.java:77) ~[na:na]
	at java.base/jdk.internal.reflect.DelegatingMethodAccessorImpl.invoke(DelegatingMethodAccessorImpl.java:43) ~[na:na]
	at java.base/java.lang.reflect.Method.invoke(Method.java:568) ~[na:na]
	at org.springframework.boot.devtools.restart.RestartLauncher.run(RestartLauncher.java:50) ~[spring-boot-devtools-3.2.1.jar:3.2.1]
Caused by: org.springframework.beans.factory.UnsatisfiedDependencyException: Error creating bean with name 'studentServiceImpl': Unsatisfied dependency expressed through field 'studentdao': Error creating bean with name 'studentRepository' defined in com.rg.precizeassessment.Repository.StudentRepository defined in @EnableJpaRepositories declared on JpaRepositoriesRegistrar.EnableJpaRepositoriesConfiguration: Not a managed type: class com.rg.precizeassessment.entities.Student
	at org.springframework.beans.factory.annotation.AutowiredAnnotationBeanPostProcessor$AutowiredFieldElement.resolveFieldValue(AutowiredAnnotationBeanPostProcessor.java:787) ~[spring-beans-6.1.2.jar:6.1.2]
	at org.springframework.beans.factory.annotation.AutowiredAnnotationBeanPostProcessor$AutowiredFieldElement.inject(AutowiredAnnotationBeanPostProcessor.java:767) ~[spring-beans-6.1.2.jar:6.1.2]
	at org.springframework.beans.factory.annotation.InjectionMetadata.inject(InjectionMetadata.java:145) ~[spring-beans-6.1.2.jar:6.1.2]
	at org.springframework.beans.factory.annotation.AutowiredAnnotationBeanPostProcessor.postProcessProperties(AutowiredAnnotationBeanPostProcessor.java:508) ~[spring-beans-6.1.2.jar:6.1.2]
	at org.springframework.beans.factory.support.AbstractAutowireCapableBeanFactory.populateBean(AbstractAutowireCapableBeanFactory.java:1418) ~[spring-beans-6.1.2.jar:6.1.2]
	at org.springframework.beans.factory.support.AbstractAutowireCapableBeanFactory.doCreateBean(AbstractAutowireCapableBeanFactory.java:598) ~[spring-beans-6.1.2.jar:6.1.2]
	at org.springframework.beans.factory.support.AbstractAutowireCapableBeanFactory.createBean(AbstractAutowireCapableBeanFactory.java:521) ~[spring-beans-6.1.2.jar:6.1.2]
	at org.springframework.beans.factory.support.AbstractBeanFactory.lambda$doGetBean$0(AbstractBeanFactory.java:325) ~[spring-beans-6.1.2.jar:6.1.2]
	at org.springframework.beans.factory.support.DefaultSingletonBeanRegistry.getSingleton(DefaultSingletonBeanRegistry.java:234) ~[spring-beans-6.1.2.jar:6.1.2]
	at org.springframework.beans.factory.support.AbstractBeanFactory.doGetBean(AbstractBeanFactory.java:323) ~[spring-beans-6.1.2.jar:6.1.2]
	at org.springframework.beans.factory.support.AbstractBeanFactory.getBean(AbstractBeanFactory.java:199) ~[spring-beans-6.1.2.jar:6.1.2]
	at org.springframework.beans.factory.config.DependencyDescriptor.resolveCandidate(DependencyDescriptor.java:254) ~[spring-beans-6.1.2.jar:6.1.2]
	at org.springframework.beans.factory.support.DefaultListableBeanFactory.doResolveDependency(DefaultListableBeanFactory.java:1443) ~[spring-beans-6.1.2.jar:6.1.2]
	at org.springframework.beans.factory.support.DefaultListableBeanFactory.resolveDependency(DefaultListableBeanFactory.java:1353) ~[spring-beans-6.1.2.jar:6.1.2]
	at org.springframework.beans.factory.annotation.AutowiredAnnotationBeanPostProcessor$AutowiredFieldElement.resolveFieldValue(AutowiredAnnotationBeanPostProcessor.java:784) ~[spring-beans-6.1.2.jar:6.1.2]
	... 25 common frames omitted
Caused by: org.springframework.beans.factory.BeanCreationException: Error creating bean with name 'studentRepository' defined in com.rg.precizeassessment.Repository.StudentRepository defined in @EnableJpaRepositories declared on JpaRepositoriesRegistrar.EnableJpaRepositoriesConfiguration: Not a managed type: class com.rg.precizeassessment.entities.Student
	at org.springframework.beans.factory.support.AbstractAutowireCapableBeanFactory.initializeBean(AbstractAutowireCapableBeanFactory.java:1773) ~[spring-beans-6.1.2.jar:6.1.2]
	at org.springframework.beans.factory.support.AbstractAutowireCapableBeanFactory.doCreateBean(AbstractAutowireCapableBeanFactory.java:599) ~[spring-beans-6.1.2.jar:6.1.2]
	at org.springframework.beans.factory.support.AbstractAutowireCapableBeanFactory.createBean(AbstractAutowireCapableBeanFactory.java:521) ~[spring-beans-6.1.2.jar:6.1.2]
	at org.springframework.beans.factory.support.AbstractBeanFactory.lambda$doGetBean$0(AbstractBeanFactory.java:325) ~[spring-beans-6.1.2.jar:6.1.2]
	at org.springframework.beans.factory.support.DefaultSingletonBeanRegistry.getSingleton(DefaultSingletonBeanRegistry.java:234) ~[spring-beans-6.1.2.jar:6.1.2]
	at org.springframework.beans.factory.support.AbstractBeanFactory.doGetBean(AbstractBeanFactory.java:323) ~[spring-beans-6.1.2.jar:6.1.2]
	at org.springframework.beans.factory.support.AbstractBeanFactory.getBean(AbstractBeanFactory.java:199) ~[spring-beans-6.1.2.jar:6.1.2]
	at org.springframework.beans.factory.config.DependencyDescriptor.resolveCandidate(DependencyDescriptor.java:254) ~[spring-beans-6.1.2.jar:6.1.2]
	at org.springframework.beans.factory.support.DefaultListableBeanFactory.doResolveDependency(DefaultListableBeanFactory.java:1443) ~[spring-beans-6.1.2.jar:6.1.2]
	at org.springframework.beans.factory.support.DefaultListableBeanFactory.resolveDependency(DefaultListableBeanFactory.java:1353) ~[spring-beans-6.1.2.jar:6.1.2]
	at org.springframework.beans.factory.annotation.AutowiredAnnotationBeanPostProcessor$AutowiredFieldElement.resolveFieldValue(AutowiredAnnotationBeanPostProcessor.java:784) ~[spring-beans-6.1.2.jar:6.1.2]
	... 39 common frames omitted
Caused by: java.lang.IllegalArgumentException: Not a managed type: class com.rg.precizeassessment.entities.Student
	at org.hibernate.metamodel.model.domain.internal.JpaMetamodelImpl.managedType(JpaMetamodelImpl.java:193) ~[hibernate-core-6.4.1.Final.jar:6.4.1.Final]
	at org.hibernate.metamodel.model.domain.internal.MappingMetamodelImpl.managedType(MappingMetamodelImpl.java:468) ~[hibernate-core-6.4.1.Final.jar:6.4.1.Final]
	at org.hibernate.metamodel.model.domain.internal.MappingMetamodelImpl.managedType(MappingMetamodelImpl.java:98) ~[hibernate-core-6.4.1.Final.jar:6.4.1.Final]
	at org.springframework.data.jpa.repository.support.JpaMetamodelEntityInformation.<init>(JpaMetamodelEntityInformation.java:82) ~[spring-data-jpa-3.2.1.jar:3.2.1]
	at org.springframework.data.jpa.repository.support.JpaEntityInformationSupport.getEntityInformation(JpaEntityInformationSupport.java:69) ~[spring-data-jpa-3.2.1.jar:3.2.1]
	at org.springframework.data.jpa.repository.support.JpaRepositoryFactory.getEntityInformation(JpaRepositoryFactory.java:246) ~[spring-data-jpa-3.2.1.jar:3.2.1]
	at org.springframework.data.jpa.repository.support.JpaRepositoryFactory.getTargetRepository(JpaRepositoryFactory.java:211) ~[spring-data-jpa-3.2.1.jar:3.2.1]
	at org.springframework.data.jpa.repository.support.JpaRepositoryFactory.getTargetRepository(JpaRepositoryFactory.java:194) ~[spring-data-jpa-3.2.1.jar:3.2.1]
	at org.springframework.data.jpa.repository.support.JpaRepositoryFactory.getTargetRepository(JpaRepositoryFactory.java:81) ~[spring-data-jpa-3.2.1.jar:3.2.1]
	at org.springframework.data.repository.core.support.RepositoryFactorySupport.getRepository(RepositoryFactorySupport.java:317) ~[spring-data-commons-3.2.1.jar:3.2.1]
	at org.springframework.data.repository.core.support.RepositoryFactoryBeanSupport.lambda$afterPropertiesSet$5(RepositoryFactoryBeanSupport.java:279) ~[spring-data-commons-3.2.1.jar:3.2.1]
	at org.springframework.data.util.Lazy.getNullable(Lazy.java:135) ~[spring-data-commons-3.2.1.jar:3.2.1]
	at org.springframework.data.util.Lazy.get(Lazy.java:113) ~[spring-data-commons-3.2.1.jar:3.2.1]
	at org.springframework.data.repository.core.support.RepositoryFactoryBeanSupport.afterPropertiesSet(RepositoryFactoryBeanSupport.java:285) ~[spring-data-commons-3.2.1.jar:3.2.1]
	at org.springframework.data.jpa.repository.support.JpaRepositoryFactoryBean.afterPropertiesSet(JpaRepositoryFactoryBean.java:132) ~[spring-data-jpa-3.2.1.jar:3.2.1]
	at org.springframework.beans.factory.support.AbstractAutowireCapableBeanFactory.invokeInitMethods(AbstractAutowireCapableBeanFactory.java:1820) ~[spring-beans-6.1.2.jar:6.1.2]
	at org.springframework.beans.factory.support.AbstractAutowireCapableBeanFactory.initializeBean(AbstractAutowireCapableBeanFactory.java:1769) ~[spring-beans-6.1.2.jar:6.1.2]
	... 49 common frames omitted

2023-12-29T12:32:51.412+05:30  INFO 12068 --- [restartedMain] c.r.p.PrecizeAssessment1Application      : Starting PrecizeAssessment1Application using Java 17.0.9 with PID 12068 (E:\Precize\PrecizeAssessment1\target\classes started by RIDDHIMAN in E:\Precize\PrecizeAssessment1)
2023-12-29T12:32:51.414+05:30  INFO 12068 --- [restartedMain] c.r.p.PrecizeAssessment1Application      : No active profile set, falling back to 1 default profile: "default"
2023-12-29T12:32:51.451+05:30  INFO 12068 --- [restartedMain] o.s.b.devtools.restart.ChangeableUrls    : The Class-Path manifest attribute in C:\Users\RIDDHIMAN\.m2\repository\com\oracle\database\jdbc\ojdbc11\23.3.0.23.09\ojdbc11-23.3.0.23.09.jar referenced one or more files that do not exist: file:/C:/Users/RIDDHIMAN/.m2/repository/com/oracle/database/jdbc/ojdbc11/23.3.0.23.09/oraclepki.jar
2023-12-29T12:32:51.452+05:30  INFO 12068 --- [restartedMain] .e.DevToolsPropertyDefaultsPostProcessor : Devtools property defaults active! Set 'spring.devtools.add-properties' to 'false' to disable
2023-12-29T12:32:51.452+05:30  INFO 12068 --- [restartedMain] .e.DevToolsPropertyDefaultsPostProcessor : For additional web related logging consider setting the 'logging.level.web' property to 'DEBUG'
2023-12-29T12:32:51.771+05:30  INFO 12068 --- [restartedMain] .s.d.r.c.RepositoryConfigurationDelegate : Bootstrapping Spring Data JPA repositories in DEFAULT mode.
2023-12-29T12:32:51.806+05:30  INFO 12068 --- [restartedMain] .s.d.r.c.RepositoryConfigurationDelegate : Finished Spring Data repository scanning in 29 ms. Found 1 JPA repository interface.
2023-12-29T12:32:52.311+05:30  INFO 12068 --- [restartedMain] o.s.b.w.embedded.tomcat.TomcatWebServer  : Tomcat initialized with port 8004 (http)
2023-12-29T12:32:52.319+05:30  INFO 12068 --- [restartedMain] o.apache.catalina.core.StandardService   : Starting service [Tomcat]
2023-12-29T12:32:52.320+05:30  INFO 12068 --- [restartedMain] o.apache.catalina.core.StandardEngine    : Starting Servlet engine: [Apache Tomcat/10.1.17]
2023-12-29T12:32:52.355+05:30  INFO 12068 --- [restartedMain] o.a.c.c.C.[Tomcat].[localhost].[/]       : Initializing Spring embedded WebApplicationContext
2023-12-29T12:32:52.355+05:30  INFO 12068 --- [restartedMain] w.s.c.ServletWebServerApplicationContext : Root WebApplicationContext: initialization completed in 903 ms
2023-12-29T12:32:52.482+05:30  INFO 12068 --- [restartedMain] o.hibernate.jpa.internal.util.LogHelper  : HHH000204: Processing PersistenceUnitInfo [name: default]
2023-12-29T12:32:52.519+05:30  INFO 12068 --- [restartedMain] org.hibernate.Version                    : HHH000412: Hibernate ORM core version 6.4.1.Final
2023-12-29T12:32:52.542+05:30  INFO 12068 --- [restartedMain] o.h.c.internal.RegionFactoryInitiator    : HHH000026: Second-level cache disabled
2023-12-29T12:32:52.694+05:30  INFO 12068 --- [restartedMain] o.s.o.j.p.SpringPersistenceUnitInfo      : No LoadTimeWeaver setup: ignoring JPA class transformer
2023-12-29T12:32:52.723+05:30  INFO 12068 --- [restartedMain] com.zaxxer.hikari.HikariDataSource       : HikariPool-1 - Starting...
2023-12-29T12:32:52.726+05:30  WARN 12068 --- [restartedMain] c.zaxxer.hikari.util.DriverDataSource    : Registered driver with driverClassName=oracle.jdbc.driver.OracleDriver was not found, trying direct instantiation.
2023-12-29T12:32:52.942+05:30  INFO 12068 --- [restartedMain] com.zaxxer.hikari.pool.HikariPool        : HikariPool-1 - Added connection oracle.jdbc.driver.T4CConnection@388b06fa
2023-12-29T12:32:52.944+05:30  INFO 12068 --- [restartedMain] com.zaxxer.hikari.HikariDataSource       : HikariPool-1 - Start completed.
2023-12-29T12:32:53.014+05:30  WARN 12068 --- [restartedMain] org.hibernate.dialect.Dialect            : HHH000511: The 11.2.0 version for [org.hibernate.dialect.OracleDialect] is no longer supported, hence certain features may not work properly. The minimum supported version is 19.0.0. Check the community dialects project for available legacy versions.
2023-12-29T12:32:53.342+05:30  INFO 12068 --- [restartedMain] o.h.e.t.j.p.i.JtaPlatformInitiator       : HHH000489: No JTA platform available (set 'hibernate.transaction.jta.platform' to enable JTA platform integration)
2023-12-29T12:32:53.346+05:30  INFO 12068 --- [restartedMain] j.LocalContainerEntityManagerFactoryBean : Initialized JPA EntityManagerFactory for persistence unit 'default'
2023-12-29T12:32:53.445+05:30  WARN 12068 --- [restartedMain] ConfigServletWebServerApplicationContext : Exception encountered during context initialization - cancelling refresh attempt: org.springframework.beans.factory.UnsatisfiedDependencyException: Error creating bean with name 'studentController': Unsatisfied dependency expressed through field 'studentimpl': Error creating bean with name 'studentServiceImpl': Unsatisfied dependency expressed through field 'studentdao': Error creating bean with name 'studentRepository' defined in com.rg.precizeassessment.Repository.StudentRepository defined in @EnableJpaRepositories declared on PrecizeAssessment1Application: Not a managed type: class com.rg.precizeassessment.entities.Student
2023-12-29T12:32:53.446+05:30  INFO 12068 --- [restartedMain] j.LocalContainerEntityManagerFactoryBean : Closing JPA EntityManagerFactory for persistence unit 'default'
2023-12-29T12:32:53.448+05:30  INFO 12068 --- [restartedMain] com.zaxxer.hikari.HikariDataSource       : HikariPool-1 - Shutdown initiated...
2023-12-29T12:32:53.452+05:30  INFO 12068 --- [restartedMain] com.zaxxer.hikari.HikariDataSource       : HikariPool-1 - Shutdown completed.
2023-12-29T12:32:53.454+05:30  INFO 12068 --- [restartedMain] o.apache.catalina.core.StandardService   : Stopping service [Tomcat]
2023-12-29T12:32:53.463+05:30  INFO 12068 --- [restartedMain] .s.b.a.l.ConditionEvaluationReportLogger : 

Error starting ApplicationContext. To display the condition evaluation report re-run your application with 'debug' enabled.
2023-12-29T12:32:53.476+05:30 ERROR 12068 --- [restartedMain] o.s.boot.SpringApplication               : Application run failed

org.springframework.beans.factory.UnsatisfiedDependencyException: Error creating bean with name 'studentController': Unsatisfied dependency expressed through field 'studentimpl': Error creating bean with name 'studentServiceImpl': Unsatisfied dependency expressed through field 'studentdao': Error creating bean with name 'studentRepository' defined in com.rg.precizeassessment.Repository.StudentRepository defined in @EnableJpaRepositories declared on PrecizeAssessment1Application: Not a managed type: class com.rg.precizeassessment.entities.Student
	at org.springframework.beans.factory.annotation.AutowiredAnnotationBeanPostProcessor$AutowiredFieldElement.resolveFieldValue(AutowiredAnnotationBeanPostProcessor.java:787) ~[spring-beans-6.1.2.jar:6.1.2]
	at org.springframework.beans.factory.annotation.AutowiredAnnotationBeanPostProcessor$AutowiredFieldElement.inject(AutowiredAnnotationBeanPostProcessor.java:767) ~[spring-beans-6.1.2.jar:6.1.2]
	at org.springframework.beans.factory.annotation.InjectionMetadata.inject(InjectionMetadata.java:145) ~[spring-beans-6.1.2.jar:6.1.2]
	at org.springframework.beans.factory.annotation.AutowiredAnnotationBeanPostProcessor.postProcessProperties(AutowiredAnnotationBeanPostProcessor.java:508) ~[spring-beans-6.1.2.jar:6.1.2]
	at org.springframework.beans.factory.support.AbstractAutowireCapableBeanFactory.populateBean(AbstractAutowireCapableBeanFactory.java:1418) ~[spring-beans-6.1.2.jar:6.1.2]
	at org.springframework.beans.factory.support.AbstractAutowireCapableBeanFactory.doCreateBean(AbstractAutowireCapableBeanFactory.java:598) ~[spring-beans-6.1.2.jar:6.1.2]
	at org.springframework.beans.factory.support.AbstractAutowireCapableBeanFactory.createBean(AbstractAutowireCapableBeanFactory.java:521) ~[spring-beans-6.1.2.jar:6.1.2]
	at org.springframework.beans.factory.support.AbstractBeanFactory.lambda$doGetBean$0(AbstractBeanFactory.java:325) ~[spring-beans-6.1.2.jar:6.1.2]
	at org.springframework.beans.factory.support.DefaultSingletonBeanRegistry.getSingleton(DefaultSingletonBeanRegistry.java:234) ~[spring-beans-6.1.2.jar:6.1.2]
	at org.springframework.beans.factory.support.AbstractBeanFactory.doGetBean(AbstractBeanFactory.java:323) ~[spring-beans-6.1.2.jar:6.1.2]
	at org.springframework.beans.factory.support.AbstractBeanFactory.getBean(AbstractBeanFactory.java:199) ~[spring-beans-6.1.2.jar:6.1.2]
	at org.springframework.beans.factory.support.DefaultListableBeanFactory.preInstantiateSingletons(DefaultListableBeanFactory.java:975) ~[spring-beans-6.1.2.jar:6.1.2]
	at org.springframework.context.support.AbstractApplicationContext.finishBeanFactoryInitialization(AbstractApplicationContext.java:960) ~[spring-context-6.1.2.jar:6.1.2]
	at org.springframework.context.support.AbstractApplicationContext.refresh(AbstractApplicationContext.java:625) ~[spring-context-6.1.2.jar:6.1.2]
	at org.springframework.boot.web.servlet.context.ServletWebServerApplicationContext.refresh(ServletWebServerApplicationContext.java:146) ~[spring-boot-3.2.1.jar:3.2.1]
	at org.springframework.boot.SpringApplication.refresh(SpringApplication.java:762) ~[spring-boot-3.2.1.jar:3.2.1]
	at org.springframework.boot.SpringApplication.refreshContext(SpringApplication.java:464) ~[spring-boot-3.2.1.jar:3.2.1]
	at org.springframework.boot.SpringApplication.run(SpringApplication.java:334) ~[spring-boot-3.2.1.jar:3.2.1]
	at org.springframework.boot.SpringApplication.run(SpringApplication.java:1358) ~[spring-boot-3.2.1.jar:3.2.1]
	at org.springframework.boot.SpringApplication.run(SpringApplication.java:1347) ~[spring-boot-3.2.1.jar:3.2.1]
	at com.rg.precizeassessment.PrecizeAssessment1Application.main(PrecizeAssessment1Application.java:16) ~[classes/:na]
	at java.base/jdk.internal.reflect.NativeMethodAccessorImpl.invoke0(Native Method) ~[na:na]
	at java.base/jdk.internal.reflect.NativeMethodAccessorImpl.invoke(NativeMethodAccessorImpl.java:77) ~[na:na]
	at java.base/jdk.internal.reflect.DelegatingMethodAccessorImpl.invoke(DelegatingMethodAccessorImpl.java:43) ~[na:na]
	at java.base/java.lang.reflect.Method.invoke(Method.java:568) ~[na:na]
	at org.springframework.boot.devtools.restart.RestartLauncher.run(RestartLauncher.java:50) ~[spring-boot-devtools-3.2.1.jar:3.2.1]
Caused by: org.springframework.beans.factory.UnsatisfiedDependencyException: Error creating bean with name 'studentServiceImpl': Unsatisfied dependency expressed through field 'studentdao': Error creating bean with name 'studentRepository' defined in com.rg.precizeassessment.Repository.StudentRepository defined in @EnableJpaRepositories declared on PrecizeAssessment1Application: Not a managed type: class com.rg.precizeassessment.entities.Student
	at org.springframework.beans.factory.annotation.AutowiredAnnotationBeanPostProcessor$AutowiredFieldElement.resolveFieldValue(AutowiredAnnotationBeanPostProcessor.java:787) ~[spring-beans-6.1.2.jar:6.1.2]
	at org.springframework.beans.factory.annotation.AutowiredAnnotationBeanPostProcessor$AutowiredFieldElement.inject(AutowiredAnnotationBeanPostProcessor.java:767) ~[spring-beans-6.1.2.jar:6.1.2]
	at org.springframework.beans.factory.annotation.InjectionMetadata.inject(InjectionMetadata.java:145) ~[spring-beans-6.1.2.jar:6.1.2]
	at org.springframework.beans.factory.annotation.AutowiredAnnotationBeanPostProcessor.postProcessProperties(AutowiredAnnotationBeanPostProcessor.java:508) ~[spring-beans-6.1.2.jar:6.1.2]
	at org.springframework.beans.factory.support.AbstractAutowireCapableBeanFactory.populateBean(AbstractAutowireCapableBeanFactory.java:1418) ~[spring-beans-6.1.2.jar:6.1.2]
	at org.springframework.beans.factory.support.AbstractAutowireCapableBeanFactory.doCreateBean(AbstractAutowireCapableBeanFactory.java:598) ~[spring-beans-6.1.2.jar:6.1.2]
	at org.springframework.beans.factory.support.AbstractAutowireCapableBeanFactory.createBean(AbstractAutowireCapableBeanFactory.java:521) ~[spring-beans-6.1.2.jar:6.1.2]
	at org.springframework.beans.factory.support.AbstractBeanFactory.lambda$doGetBean$0(AbstractBeanFactory.java:325) ~[spring-beans-6.1.2.jar:6.1.2]
	at org.springframework.beans.factory.support.DefaultSingletonBeanRegistry.getSingleton(DefaultSingletonBeanRegistry.java:234) ~[spring-beans-6.1.2.jar:6.1.2]
	at org.springframework.beans.factory.support.AbstractBeanFactory.doGetBean(AbstractBeanFactory.java:323) ~[spring-beans-6.1.2.jar:6.1.2]
	at org.springframework.beans.factory.support.AbstractBeanFactory.getBean(AbstractBeanFactory.java:199) ~[spring-beans-6.1.2.jar:6.1.2]
	at org.springframework.beans.factory.config.DependencyDescriptor.resolveCandidate(DependencyDescriptor.java:254) ~[spring-beans-6.1.2.jar:6.1.2]
	at org.springframework.beans.factory.support.DefaultListableBeanFactory.doResolveDependency(DefaultListableBeanFactory.java:1443) ~[spring-beans-6.1.2.jar:6.1.2]
	at org.springframework.beans.factory.support.DefaultListableBeanFactory.resolveDependency(DefaultListableBeanFactory.java:1353) ~[spring-beans-6.1.2.jar:6.1.2]
	at org.springframework.beans.factory.annotation.AutowiredAnnotationBeanPostProcessor$AutowiredFieldElement.resolveFieldValue(AutowiredAnnotationBeanPostProcessor.java:784) ~[spring-beans-6.1.2.jar:6.1.2]
	... 25 common frames omitted
Caused by: org.springframework.beans.factory.BeanCreationException: Error creating bean with name 'studentRepository' defined in com.rg.precizeassessment.Repository.StudentRepository defined in @EnableJpaRepositories declared on PrecizeAssessment1Application: Not a managed type: class com.rg.precizeassessment.entities.Student
	at org.springframework.beans.factory.support.AbstractAutowireCapableBeanFactory.initializeBean(AbstractAutowireCapableBeanFactory.java:1773) ~[spring-beans-6.1.2.jar:6.1.2]
	at org.springframework.beans.factory.support.AbstractAutowireCapableBeanFactory.doCreateBean(AbstractAutowireCapableBeanFactory.java:599) ~[spring-beans-6.1.2.jar:6.1.2]
	at org.springframework.beans.factory.support.AbstractAutowireCapableBeanFactory.createBean(AbstractAutowireCapableBeanFactory.java:521) ~[spring-beans-6.1.2.jar:6.1.2]
	at org.springframework.beans.factory.support.AbstractBeanFactory.lambda$doGetBean$0(AbstractBeanFactory.java:325) ~[spring-beans-6.1.2.jar:6.1.2]
	at org.springframework.beans.factory.support.DefaultSingletonBeanRegistry.getSingleton(DefaultSingletonBeanRegistry.java:234) ~[spring-beans-6.1.2.jar:6.1.2]
	at org.springframework.beans.factory.support.AbstractBeanFactory.doGetBean(AbstractBeanFactory.java:323) ~[spring-beans-6.1.2.jar:6.1.2]
	at org.springframework.beans.factory.support.AbstractBeanFactory.getBean(AbstractBeanFactory.java:199) ~[spring-beans-6.1.2.jar:6.1.2]
	at org.springframework.beans.factory.config.DependencyDescriptor.resolveCandidate(DependencyDescriptor.java:254) ~[spring-beans-6.1.2.jar:6.1.2]
	at org.springframework.beans.factory.support.DefaultListableBeanFactory.doResolveDependency(DefaultListableBeanFactory.java:1443) ~[spring-beans-6.1.2.jar:6.1.2]
	at org.springframework.beans.factory.support.DefaultListableBeanFactory.resolveDependency(DefaultListableBeanFactory.java:1353) ~[spring-beans-6.1.2.jar:6.1.2]
	at org.springframework.beans.factory.annotation.AutowiredAnnotationBeanPostProcessor$AutowiredFieldElement.resolveFieldValue(AutowiredAnnotationBeanPostProcessor.java:784) ~[spring-beans-6.1.2.jar:6.1.2]
	... 39 common frames omitted
Caused by: java.lang.IllegalArgumentException: Not a managed type: class com.rg.precizeassessment.entities.Student
	at org.hibernate.metamodel.model.domain.internal.JpaMetamodelImpl.managedType(JpaMetamodelImpl.java:193) ~[hibernate-core-6.4.1.Final.jar:6.4.1.Final]
	at org.hibernate.metamodel.model.domain.internal.MappingMetamodelImpl.managedType(MappingMetamodelImpl.java:468) ~[hibernate-core-6.4.1.Final.jar:6.4.1.Final]
	at org.hibernate.metamodel.model.domain.internal.MappingMetamodelImpl.managedType(MappingMetamodelImpl.java:98) ~[hibernate-core-6.4.1.Final.jar:6.4.1.Final]
	at org.springframework.data.jpa.repository.support.JpaMetamodelEntityInformation.<init>(JpaMetamodelEntityInformation.java:82) ~[spring-data-jpa-3.2.1.jar:3.2.1]
	at org.springframework.data.jpa.repository.support.JpaEntityInformationSupport.getEntityInformation(JpaEntityInformationSupport.java:69) ~[spring-data-jpa-3.2.1.jar:3.2.1]
	at org.springframework.data.jpa.repository.support.JpaRepositoryFactory.getEntityInformation(JpaRepositoryFactory.java:246) ~[spring-data-jpa-3.2.1.jar:3.2.1]
	at org.springframework.data.jpa.repository.support.JpaRepositoryFactory.getTargetRepository(JpaRepositoryFactory.java:211) ~[spring-data-jpa-3.2.1.jar:3.2.1]
	at org.springframework.data.jpa.repository.support.JpaRepositoryFactory.getTargetRepository(JpaRepositoryFactory.java:194) ~[spring-data-jpa-3.2.1.jar:3.2.1]
	at org.springframework.data.jpa.repository.support.JpaRepositoryFactory.getTargetRepository(JpaRepositoryFactory.java:81) ~[spring-data-jpa-3.2.1.jar:3.2.1]
	at org.springframework.data.repository.core.support.RepositoryFactorySupport.getRepository(RepositoryFactorySupport.java:317) ~[spring-data-commons-3.2.1.jar:3.2.1]
	at org.springframework.data.repository.core.support.RepositoryFactoryBeanSupport.lambda$afterPropertiesSet$5(RepositoryFactoryBeanSupport.java:279) ~[spring-data-commons-3.2.1.jar:3.2.1]
	at org.springframework.data.util.Lazy.getNullable(Lazy.java:135) ~[spring-data-commons-3.2.1.jar:3.2.1]
	at org.springframework.data.util.Lazy.get(Lazy.java:113) ~[spring-data-commons-3.2.1.jar:3.2.1]
	at org.springframework.data.repository.core.support.RepositoryFactoryBeanSupport.afterPropertiesSet(RepositoryFactoryBeanSupport.java:285) ~[spring-data-commons-3.2.1.jar:3.2.1]
	at org.springframework.data.jpa.repository.support.JpaRepositoryFactoryBean.afterPropertiesSet(JpaRepositoryFactoryBean.java:132) ~[spring-data-jpa-3.2.1.jar:3.2.1]
	at org.springframework.beans.factory.support.AbstractAutowireCapableBeanFactory.invokeInitMethods(AbstractAutowireCapableBeanFactory.java:1820) ~[spring-beans-6.1.2.jar:6.1.2]
	at org.springframework.beans.factory.support.AbstractAutowireCapableBeanFactory.initializeBean(AbstractAutowireCapableBeanFactory.java:1769) ~[spring-beans-6.1.2.jar:6.1.2]
	... 49 common frames omitted

2023-12-29T12:36:26.791+05:30  INFO 16004 --- [restartedMain] c.r.p.PrecizeAssessment1Application      : Starting PrecizeAssessment1Application using Java 17.0.9 with PID 16004 (E:\Precize\PrecizeAssessment1\target\classes started by RIDDHIMAN in E:\Precize\PrecizeAssessment1)
2023-12-29T12:36:26.792+05:30  INFO 16004 --- [restartedMain] c.r.p.PrecizeAssessment1Application      : No active profile set, falling back to 1 default profile: "default"
2023-12-29T12:36:26.828+05:30  INFO 16004 --- [restartedMain] o.s.b.devtools.restart.ChangeableUrls    : The Class-Path manifest attribute in C:\Users\RIDDHIMAN\.m2\repository\com\oracle\database\jdbc\ojdbc11\23.3.0.23.09\ojdbc11-23.3.0.23.09.jar referenced one or more files that do not exist: file:/C:/Users/RIDDHIMAN/.m2/repository/com/oracle/database/jdbc/ojdbc11/23.3.0.23.09/oraclepki.jar
2023-12-29T12:36:26.828+05:30  INFO 16004 --- [restartedMain] .e.DevToolsPropertyDefaultsPostProcessor : Devtools property defaults active! Set 'spring.devtools.add-properties' to 'false' to disable
2023-12-29T12:36:26.828+05:30  INFO 16004 --- [restartedMain] .e.DevToolsPropertyDefaultsPostProcessor : For additional web related logging consider setting the 'logging.level.web' property to 'DEBUG'
2023-12-29T12:36:27.139+05:30  INFO 16004 --- [restartedMain] .s.d.r.c.RepositoryConfigurationDelegate : Bootstrapping Spring Data JPA repositories in DEFAULT mode.
2023-12-29T12:36:27.175+05:30  INFO 16004 --- [restartedMain] .s.d.r.c.RepositoryConfigurationDelegate : Finished Spring Data repository scanning in 29 ms. Found 1 JPA repository interface.
2023-12-29T12:36:27.674+05:30  INFO 16004 --- [restartedMain] o.s.b.w.embedded.tomcat.TomcatWebServer  : Tomcat initialized with port 8004 (http)
2023-12-29T12:36:27.684+05:30  INFO 16004 --- [restartedMain] o.apache.catalina.core.StandardService   : Starting service [Tomcat]
2023-12-29T12:36:27.684+05:30  INFO 16004 --- [restartedMain] o.apache.catalina.core.StandardEngine    : Starting Servlet engine: [Apache Tomcat/10.1.17]
2023-12-29T12:36:27.717+05:30  INFO 16004 --- [restartedMain] o.a.c.c.C.[Tomcat].[localhost].[/]       : Initializing Spring embedded WebApplicationContext
2023-12-29T12:36:27.718+05:30  INFO 16004 --- [restartedMain] w.s.c.ServletWebServerApplicationContext : Root WebApplicationContext: initialization completed in 889 ms
2023-12-29T12:36:27.848+05:30  INFO 16004 --- [restartedMain] o.hibernate.jpa.internal.util.LogHelper  : HHH000204: Processing PersistenceUnitInfo [name: default]
2023-12-29T12:36:27.888+05:30  INFO 16004 --- [restartedMain] org.hibernate.Version                    : HHH000412: Hibernate ORM core version 6.4.1.Final
2023-12-29T12:36:27.910+05:30  INFO 16004 --- [restartedMain] o.h.c.internal.RegionFactoryInitiator    : HHH000026: Second-level cache disabled
2023-12-29T12:36:28.057+05:30  INFO 16004 --- [restartedMain] o.s.o.j.p.SpringPersistenceUnitInfo      : No LoadTimeWeaver setup: ignoring JPA class transformer
2023-12-29T12:36:28.085+05:30  INFO 16004 --- [restartedMain] com.zaxxer.hikari.HikariDataSource       : HikariPool-1 - Starting...
2023-12-29T12:36:28.088+05:30  WARN 16004 --- [restartedMain] c.zaxxer.hikari.util.DriverDataSource    : Registered driver with driverClassName=oracle.jdbc.driver.OracleDriver was not found, trying direct instantiation.
2023-12-29T12:36:28.303+05:30  INFO 16004 --- [restartedMain] com.zaxxer.hikari.pool.HikariPool        : HikariPool-1 - Added connection oracle.jdbc.driver.T4CConnection@3e20c3cb
2023-12-29T12:36:28.305+05:30  INFO 16004 --- [restartedMain] com.zaxxer.hikari.HikariDataSource       : HikariPool-1 - Start completed.
2023-12-29T12:36:28.370+05:30  WARN 16004 --- [restartedMain] org.hibernate.dialect.Dialect            : HHH000511: The 11.2.0 version for [org.hibernate.dialect.OracleDialect] is no longer supported, hence certain features may not work properly. The minimum supported version is 19.0.0. Check the community dialects project for available legacy versions.
2023-12-29T12:36:29.051+05:30  INFO 16004 --- [restartedMain] o.h.e.t.j.p.i.JtaPlatformInitiator       : HHH000489: No JTA platform available (set 'hibernate.transaction.jta.platform' to enable JTA platform integration)
2023-12-29T12:36:30.152+05:30  INFO 16004 --- [restartedMain] j.LocalContainerEntityManagerFactoryBean : Initialized JPA EntityManagerFactory for persistence unit 'default'
2023-12-29T12:36:30.343+05:30  WARN 16004 --- [restartedMain] JpaBaseConfiguration$JpaWebConfiguration : spring.jpa.open-in-view is enabled by default. Therefore, database queries may be performed during view rendering. Explicitly configure spring.jpa.open-in-view to disable this warning
2023-12-29T12:36:30.605+05:30  WARN 16004 --- [restartedMain] .s.s.UserDetailsServiceAutoConfiguration : 

Using generated security password: 6e3e66f1-1bfa-448a-ae0b-03017c1f2792

This generated password is for development use only. Your security configuration must be updated before running your application in production.

2023-12-29T12:36:30.701+05:30  INFO 16004 --- [restartedMain] o.s.s.web.DefaultSecurityFilterChain     : Will secure any request with [org.springframework.security.web.session.DisableEncodeUrlFilter@3b9f1ad3, org.springframework.security.web.context.request.async.WebAsyncManagerIntegrationFilter@67e25a90, org.springframework.security.web.context.SecurityContextHolderFilter@196ad2dd, org.springframework.security.web.header.HeaderWriterFilter@795056eb, org.springframework.web.filter.CorsFilter@4af17011, org.springframework.security.web.csrf.CsrfFilter@4b8d9a7f, org.springframework.security.web.authentication.logout.LogoutFilter@268bb726, org.springframework.security.web.authentication.UsernamePasswordAuthenticationFilter@3141688d, org.springframework.security.web.authentication.ui.DefaultLoginPageGeneratingFilter@3ca08f6f, org.springframework.security.web.authentication.ui.DefaultLogoutPageGeneratingFilter@7c3e5ed6, org.springframework.security.web.authentication.www.BasicAuthenticationFilter@661756d6, org.springframework.security.web.savedrequest.RequestCacheAwareFilter@7c6c576b, org.springframework.security.web.servletapi.SecurityContextHolderAwareRequestFilter@6f852059, org.springframework.security.web.authentication.AnonymousAuthenticationFilter@3fb49a00, org.springframework.security.web.access.ExceptionTranslationFilter@64981d28, org.springframework.security.web.access.intercept.AuthorizationFilter@50f3418f]
2023-12-29T12:36:30.732+05:30  INFO 16004 --- [restartedMain] o.s.b.d.a.OptionalLiveReloadServer       : LiveReload server is running on port 35729
2023-12-29T12:36:30.752+05:30  INFO 16004 --- [restartedMain] o.s.b.w.embedded.tomcat.TomcatWebServer  : Tomcat started on port 8004 (http) with context path ''
2023-12-29T12:36:30.762+05:30  INFO 16004 --- [restartedMain] c.r.p.PrecizeAssessment1Application      : Started PrecizeAssessment1Application in 4.247 seconds (process running for 4.688)
2023-12-29T12:42:21.953+05:30  INFO 16004 --- [http-nio-8004-exec-2] o.a.c.c.C.[Tomcat].[localhost].[/]       : Initializing Spring DispatcherServlet 'dispatcherServlet'
2023-12-29T12:42:21.954+05:30  INFO 16004 --- [http-nio-8004-exec-2] o.s.web.servlet.DispatcherServlet        : Initializing Servlet 'dispatcherServlet'
2023-12-29T12:42:21.956+05:30  INFO 16004 --- [http-nio-8004-exec-2] o.s.web.servlet.DispatcherServlet        : Completed initialization in 1 ms
2023-12-29T12:45:55.059+05:30  INFO 16004 --- [File Watcher] rtingClassPathChangeChangedEventListener : Restarting due to 3 class path changes (0 additions, 0 deletions, 3 modifications)
2023-12-29T12:45:55.078+05:30  INFO 16004 --- [Thread-7] j.LocalContainerEntityManagerFactoryBean : Closing JPA EntityManagerFactory for persistence unit 'default'
2023-12-29T12:45:55.080+05:30  INFO 16004 --- [Thread-7] com.zaxxer.hikari.HikariDataSource       : HikariPool-1 - Shutdown initiated...
2023-12-29T12:45:55.085+05:30  INFO 16004 --- [Thread-7] com.zaxxer.hikari.HikariDataSource       : HikariPool-1 - Shutdown completed.
2023-12-29T12:45:56.994+05:30  INFO 16004 --- [restartedMain] c.r.p.PrecizeAssessment1Application      : Starting PrecizeAssessment1Application using Java 17.0.9 with PID 16004 (E:\Precize\PrecizeAssessment1\target\classes started by RIDDHIMAN in E:\Precize\PrecizeAssessment1)
2023-12-29T12:45:56.995+05:30  INFO 16004 --- [restartedMain] c.r.p.PrecizeAssessment1Application      : No active profile set, falling back to 1 default profile: "default"
2023-12-29T12:45:57.063+05:30  INFO 16004 --- [restartedMain] .s.d.r.c.RepositoryConfigurationDelegate : Bootstrapping Spring Data JPA repositories in DEFAULT mode.
2023-12-29T12:45:57.070+05:30  INFO 16004 --- [restartedMain] .s.d.r.c.RepositoryConfigurationDelegate : Finished Spring Data repository scanning in 6 ms. Found 1 JPA repository interface.
2023-12-29T12:45:57.138+05:30  INFO 16004 --- [restartedMain] o.s.b.w.embedded.tomcat.TomcatWebServer  : Tomcat initialized with port 8004 (http)
2023-12-29T12:45:57.140+05:30  INFO 16004 --- [restartedMain] o.apache.catalina.core.StandardService   : Starting service [Tomcat]
2023-12-29T12:45:57.140+05:30  INFO 16004 --- [restartedMain] o.apache.catalina.core.StandardEngine    : Starting Servlet engine: [Apache Tomcat/10.1.17]
2023-12-29T12:45:57.156+05:30  INFO 16004 --- [restartedMain] o.a.c.c.C.[Tomcat-1].[localhost].[/]     : Initializing Spring embedded WebApplicationContext
2023-12-29T12:45:57.156+05:30  INFO 16004 --- [restartedMain] w.s.c.ServletWebServerApplicationContext : Root WebApplicationContext: initialization completed in 160 ms
2023-12-29T12:45:57.181+05:30  INFO 16004 --- [restartedMain] o.hibernate.jpa.internal.util.LogHelper  : HHH000204: Processing PersistenceUnitInfo [name: default]
2023-12-29T12:45:57.183+05:30  INFO 16004 --- [restartedMain] o.h.c.internal.RegionFactoryInitiator    : HHH000026: Second-level cache disabled
2023-12-29T12:45:57.185+05:30  INFO 16004 --- [restartedMain] o.s.o.j.p.SpringPersistenceUnitInfo      : No LoadTimeWeaver setup: ignoring JPA class transformer
2023-12-29T12:45:57.186+05:30  INFO 16004 --- [restartedMain] com.zaxxer.hikari.HikariDataSource       : HikariPool-2 - Starting...
2023-12-29T12:45:57.186+05:30  WARN 16004 --- [restartedMain] c.zaxxer.hikari.util.DriverDataSource    : Registered driver with driverClassName=oracle.jdbc.driver.OracleDriver was not found, trying direct instantiation.
2023-12-29T12:45:57.203+05:30  INFO 16004 --- [restartedMain] com.zaxxer.hikari.pool.HikariPool        : HikariPool-2 - Added connection oracle.jdbc.driver.T4CConnection@e5e366e
2023-12-29T12:45:57.203+05:30  INFO 16004 --- [restartedMain] com.zaxxer.hikari.HikariDataSource       : HikariPool-2 - Start completed.
2023-12-29T12:45:57.205+05:30  WARN 16004 --- [restartedMain] org.hibernate.dialect.Dialect            : HHH000511: The 11.2.0 version for [org.hibernate.dialect.OracleDialect] is no longer supported, hence certain features may not work properly. The minimum supported version is 19.0.0. Check the community dialects project for available legacy versions.
2023-12-29T12:45:57.225+05:30  INFO 16004 --- [restartedMain] o.h.e.t.j.p.i.JtaPlatformInitiator       : HHH000489: No JTA platform available (set 'hibernate.transaction.jta.platform' to enable JTA platform integration)
2023-12-29T12:45:57.856+05:30  INFO 16004 --- [restartedMain] j.LocalContainerEntityManagerFactoryBean : Initialized JPA EntityManagerFactory for persistence unit 'default'
2023-12-29T12:45:57.905+05:30  WARN 16004 --- [restartedMain] JpaBaseConfiguration$JpaWebConfiguration : spring.jpa.open-in-view is enabled by default. Therefore, database queries may be performed during view rendering. Explicitly configure spring.jpa.open-in-view to disable this warning
2023-12-29T12:45:57.975+05:30  WARN 16004 --- [restartedMain] .s.s.UserDetailsServiceAutoConfiguration : 

Using generated security password: c7ddc7d5-0d28-4314-be3b-09c21bb88e0b

This generated password is for development use only. Your security configuration must be updated before running your application in production.

2023-12-29T12:45:57.990+05:30  INFO 16004 --- [restartedMain] o.s.s.web.DefaultSecurityFilterChain     : Will secure any request with [org.springframework.security.web.session.DisableEncodeUrlFilter@1fbbb6f3, org.springframework.security.web.context.request.async.WebAsyncManagerIntegrationFilter@65a1f7f5, org.springframework.security.web.context.SecurityContextHolderFilter@55b6d85f, org.springframework.security.web.header.HeaderWriterFilter@263f710, org.springframework.web.filter.CorsFilter@671219c9, org.springframework.security.web.csrf.CsrfFilter@78c1e189, org.springframework.security.web.authentication.logout.LogoutFilter@58edb02e, org.springframework.security.web.authentication.UsernamePasswordAuthenticationFilter@5a6b0b5b, org.springframework.security.web.authentication.ui.DefaultLoginPageGeneratingFilter@4e5a886b, org.springframework.security.web.authentication.ui.DefaultLogoutPageGeneratingFilter@a1a48bf, org.springframework.security.web.authentication.www.BasicAuthenticationFilter@6b20c8bc, org.springframework.security.web.savedrequest.RequestCacheAwareFilter@220cb6c9, org.springframework.security.web.servletapi.SecurityContextHolderAwareRequestFilter@531c2e6f, org.springframework.security.web.authentication.AnonymousAuthenticationFilter@48547b21, org.springframework.security.web.access.ExceptionTranslationFilter@38092d1a, org.springframework.security.web.access.intercept.AuthorizationFilter@6fb2aa43]
2023-12-29T12:45:57.998+05:30  INFO 16004 --- [restartedMain] o.s.b.d.a.OptionalLiveReloadServer       : LiveReload server is running on port 35729
2023-12-29T12:45:58.006+05:30  INFO 16004 --- [restartedMain] o.s.b.w.embedded.tomcat.TomcatWebServer  : Tomcat started on port 8004 (http) with context path ''
2023-12-29T12:45:58.011+05:30  INFO 16004 --- [restartedMain] c.r.p.PrecizeAssessment1Application      : Started PrecizeAssessment1Application in 1.028 seconds (process running for 571.937)
2023-12-29T12:45:58.012+05:30  INFO 16004 --- [restartedMain] .ConditionEvaluationDeltaLoggingListener : Condition evaluation unchanged
2023-12-29T12:46:08.803+05:30  INFO 7324 --- [restartedMain] c.r.p.PrecizeAssessment1Application      : Starting PrecizeAssessment1Application using Java 17.0.9 with PID 7324 (E:\Precize\PrecizeAssessment1\target\classes started by RIDDHIMAN in E:\Precize\PrecizeAssessment1)
2023-12-29T12:46:08.804+05:30  INFO 7324 --- [restartedMain] c.r.p.PrecizeAssessment1Application      : No active profile set, falling back to 1 default profile: "default"
2023-12-29T12:46:08.843+05:30  INFO 7324 --- [restartedMain] o.s.b.devtools.restart.ChangeableUrls    : The Class-Path manifest attribute in C:\Users\RIDDHIMAN\.m2\repository\com\oracle\database\jdbc\ojdbc11\23.3.0.23.09\ojdbc11-23.3.0.23.09.jar referenced one or more files that do not exist: file:/C:/Users/RIDDHIMAN/.m2/repository/com/oracle/database/jdbc/ojdbc11/23.3.0.23.09/oraclepki.jar
2023-12-29T12:46:08.843+05:30  INFO 7324 --- [restartedMain] .e.DevToolsPropertyDefaultsPostProcessor : Devtools property defaults active! Set 'spring.devtools.add-properties' to 'false' to disable
2023-12-29T12:46:08.843+05:30  INFO 7324 --- [restartedMain] .e.DevToolsPropertyDefaultsPostProcessor : For additional web related logging consider setting the 'logging.level.web' property to 'DEBUG'
2023-12-29T12:46:09.142+05:30  INFO 7324 --- [restartedMain] .s.d.r.c.RepositoryConfigurationDelegate : Bootstrapping Spring Data JPA repositories in DEFAULT mode.
2023-12-29T12:46:09.180+05:30  INFO 7324 --- [restartedMain] .s.d.r.c.RepositoryConfigurationDelegate : Finished Spring Data repository scanning in 32 ms. Found 1 JPA repository interface.
2023-12-29T12:46:09.665+05:30  INFO 7324 --- [restartedMain] o.s.b.w.embedded.tomcat.TomcatWebServer  : Tomcat initialized with port 8004 (http)
2023-12-29T12:46:09.672+05:30  INFO 7324 --- [restartedMain] o.apache.catalina.core.StandardService   : Starting service [Tomcat]
2023-12-29T12:46:09.673+05:30  INFO 7324 --- [restartedMain] o.apache.catalina.core.StandardEngine    : Starting Servlet engine: [Apache Tomcat/10.1.17]
2023-12-29T12:46:09.705+05:30  INFO 7324 --- [restartedMain] o.a.c.c.C.[Tomcat].[localhost].[/]       : Initializing Spring embedded WebApplicationContext
2023-12-29T12:46:09.705+05:30  INFO 7324 --- [restartedMain] w.s.c.ServletWebServerApplicationContext : Root WebApplicationContext: initialization completed in 861 ms
2023-12-29T12:46:09.827+05:30  INFO 7324 --- [restartedMain] o.hibernate.jpa.internal.util.LogHelper  : HHH000204: Processing PersistenceUnitInfo [name: default]
2023-12-29T12:46:09.864+05:30  INFO 7324 --- [restartedMain] org.hibernate.Version                    : HHH000412: Hibernate ORM core version 6.4.1.Final
2023-12-29T12:46:09.889+05:30  INFO 7324 --- [restartedMain] o.h.c.internal.RegionFactoryInitiator    : HHH000026: Second-level cache disabled
2023-12-29T12:46:10.042+05:30  INFO 7324 --- [restartedMain] o.s.o.j.p.SpringPersistenceUnitInfo      : No LoadTimeWeaver setup: ignoring JPA class transformer
2023-12-29T12:46:10.061+05:30  INFO 7324 --- [restartedMain] com.zaxxer.hikari.HikariDataSource       : HikariPool-1 - Starting...
2023-12-29T12:46:10.064+05:30  WARN 7324 --- [restartedMain] c.zaxxer.hikari.util.DriverDataSource    : Registered driver with driverClassName=oracle.jdbc.driver.OracleDriver was not found, trying direct instantiation.
2023-12-29T12:46:10.289+05:30  INFO 7324 --- [restartedMain] com.zaxxer.hikari.pool.HikariPool        : HikariPool-1 - Added connection oracle.jdbc.driver.T4CConnection@21690897
2023-12-29T12:46:10.290+05:30  INFO 7324 --- [restartedMain] com.zaxxer.hikari.HikariDataSource       : HikariPool-1 - Start completed.
2023-12-29T12:46:10.363+05:30  WARN 7324 --- [restartedMain] org.hibernate.dialect.Dialect            : HHH000511: The 11.2.0 version for [org.hibernate.dialect.OracleDialect] is no longer supported, hence certain features may not work properly. The minimum supported version is 19.0.0. Check the community dialects project for available legacy versions.
2023-12-29T12:46:11.052+05:30  INFO 7324 --- [restartedMain] o.h.e.t.j.p.i.JtaPlatformInitiator       : HHH000489: No JTA platform available (set 'hibernate.transaction.jta.platform' to enable JTA platform integration)
2023-12-29T12:46:11.144+05:30  INFO 7324 --- [restartedMain] j.LocalContainerEntityManagerFactoryBean : Initialized JPA EntityManagerFactory for persistence unit 'default'
2023-12-29T12:46:11.328+05:30  WARN 7324 --- [restartedMain] JpaBaseConfiguration$JpaWebConfiguration : spring.jpa.open-in-view is enabled by default. Therefore, database queries may be performed during view rendering. Explicitly configure spring.jpa.open-in-view to disable this warning
2023-12-29T12:46:11.549+05:30  WARN 7324 --- [restartedMain] o.s.b.d.a.OptionalLiveReloadServer       : Unable to start LiveReload server
2023-12-29T12:46:11.565+05:30  WARN 7324 --- [restartedMain] ConfigServletWebServerApplicationContext : Exception encountered during context initialization - cancelling refresh attempt: org.springframework.context.ApplicationContextException: Failed to start bean 'webServerStartStop'
2023-12-29T12:46:11.567+05:30  INFO 7324 --- [restartedMain] j.LocalContainerEntityManagerFactoryBean : Closing JPA EntityManagerFactory for persistence unit 'default'
2023-12-29T12:46:11.569+05:30  INFO 7324 --- [restartedMain] com.zaxxer.hikari.HikariDataSource       : HikariPool-1 - Shutdown initiated...
2023-12-29T12:46:11.607+05:30  INFO 7324 --- [restartedMain] com.zaxxer.hikari.HikariDataSource       : HikariPool-1 - Shutdown completed.
2023-12-29T12:46:11.619+05:30  INFO 7324 --- [restartedMain] .s.b.a.l.ConditionEvaluationReportLogger : 

Error starting ApplicationContext. To display the condition evaluation report re-run your application with 'debug' enabled.
2023-12-29T12:46:11.632+05:30 ERROR 7324 --- [restartedMain] o.s.b.d.LoggingFailureAnalysisReporter   : 

***************************
APPLICATION FAILED TO START
***************************

Description:

Web server failed to start. Port 8004 was already in use.

Action:

Identify and stop the process that's listening on port 8004 or configure this application to listen on another port.

2023-12-29T12:46:46.572+05:30  INFO 16004 --- [File Watcher] rtingClassPathChangeChangedEventListener : Restarting due to 1 class path change (0 additions, 0 deletions, 1 modification)
2023-12-29T12:46:46.586+05:30  INFO 16004 --- [Thread-9] j.LocalContainerEntityManagerFactoryBean : Closing JPA EntityManagerFactory for persistence unit 'default'
2023-12-29T12:46:46.586+05:30  INFO 16004 --- [Thread-9] com.zaxxer.hikari.HikariDataSource       : HikariPool-2 - Shutdown initiated...
2023-12-29T12:46:46.590+05:30  INFO 16004 --- [Thread-9] com.zaxxer.hikari.HikariDataSource       : HikariPool-2 - Shutdown completed.
